<?xml version="1.0" encoding="UTF-8"?>
<testsuite name="com.Aster.FloristApplicationTests" tests="1" skipped="0" failures="0" errors="0" timestamp="2020-02-29T19:58:42" hostname="LeOOn.local" time="0.408">
  <properties/>
  <testcase name="contextLoads()" classname="com.Aster.FloristApplicationTests" time="0.408"/>
  <system-out><![CDATA[14:58:40.885 [Test worker] DEBUG org.springframework.test.context.BootstrapUtils - Instantiating CacheAwareContextLoaderDelegate from class [org.springframework.test.context.cache.DefaultCacheAwareContextLoaderDelegate]
14:58:40.903 [Test worker] DEBUG org.springframework.test.context.BootstrapUtils - Instantiating BootstrapContext using constructor [public org.springframework.test.context.support.DefaultBootstrapContext(java.lang.Class,org.springframework.test.context.CacheAwareContextLoaderDelegate)]
14:58:40.943 [Test worker] DEBUG org.springframework.test.context.BootstrapUtils - Instantiating TestContextBootstrapper for test class [com.Aster.FloristApplicationTests] from class [org.springframework.boot.test.context.SpringBootTestContextBootstrapper]
14:58:40.959 [Test worker] INFO org.springframework.boot.test.context.SpringBootTestContextBootstrapper - Neither @ContextConfiguration nor @ContextHierarchy found for test class [com.Aster.FloristApplicationTests], using SpringBootContextLoader
14:58:40.964 [Test worker] DEBUG org.springframework.test.context.support.AbstractContextLoader - Did not detect default resource location for test class [com.Aster.FloristApplicationTests]: class path resource [com/Aster/FloristApplicationTests-context.xml] does not exist
14:58:40.965 [Test worker] DEBUG org.springframework.test.context.support.AbstractContextLoader - Did not detect default resource location for test class [com.Aster.FloristApplicationTests]: class path resource [com/Aster/FloristApplicationTestsContext.groovy] does not exist
14:58:40.965 [Test worker] INFO org.springframework.test.context.support.AbstractContextLoader - Could not detect default resource locations for test class [com.Aster.FloristApplicationTests]: no resource found for suffixes {-context.xml, Context.groovy}.
14:58:40.966 [Test worker] INFO org.springframework.test.context.support.AnnotationConfigContextLoaderUtils - Could not detect default configuration classes for test class [com.Aster.FloristApplicationTests]: FloristApplicationTests does not declare any static, non-private, non-final, nested classes annotated with @Configuration.
14:58:41.014 [Test worker] DEBUG org.springframework.test.context.support.ActiveProfilesUtils - Could not find an 'annotation declaring class' for annotation type [org.springframework.test.context.ActiveProfiles] and class [com.Aster.FloristApplicationTests]
14:58:41.077 [Test worker] DEBUG org.springframework.context.annotation.ClassPathScanningCandidateComponentProvider - Identified candidate component class: file [/Users/leon/Aster/build/classes/java/main/com/Aster/FloristApplication.class]
14:58:41.078 [Test worker] INFO org.springframework.boot.test.context.SpringBootTestContextBootstrapper - Found @SpringBootConfiguration com.Aster.FloristApplication for test class com.Aster.FloristApplicationTests
14:58:41.157 [Test worker] DEBUG org.springframework.boot.test.context.SpringBootTestContextBootstrapper - @TestExecutionListeners is not present for class [com.Aster.FloristApplicationTests]: using defaults.
14:58:41.157 [Test worker] INFO org.springframework.boot.test.context.SpringBootTestContextBootstrapper - Loaded default TestExecutionListener class names from location [META-INF/spring.factories]: [org.springframework.boot.test.autoconfigure.restdocs.RestDocsTestExecutionListener, org.springframework.boot.test.autoconfigure.web.client.MockRestServiceServerResetTestExecutionListener, org.springframework.boot.test.autoconfigure.web.servlet.MockMvcPrintOnlyOnFailureTestExecutionListener, org.springframework.boot.test.autoconfigure.web.servlet.WebDriverTestExecutionListener, org.springframework.boot.test.mock.mockito.MockitoTestExecutionListener, org.springframework.boot.test.mock.mockito.ResetMocksTestExecutionListener, org.springframework.test.context.web.ServletTestExecutionListener, org.springframework.test.context.support.DirtiesContextBeforeModesTestExecutionListener, org.springframework.test.context.support.DependencyInjectionTestExecutionListener, org.springframework.test.context.support.DirtiesContextTestExecutionListener, org.springframework.test.context.transaction.TransactionalTestExecutionListener, org.springframework.test.context.jdbc.SqlScriptsTestExecutionListener, org.springframework.test.context.event.EventPublishingTestExecutionListener]
14:58:41.168 [Test worker] DEBUG org.springframework.boot.test.context.SpringBootTestContextBootstrapper - Skipping candidate TestExecutionListener [org.springframework.test.context.transaction.TransactionalTestExecutionListener] due to a missing dependency. Specify custom listener classes or make the default listener classes and their required dependencies available. Offending class: [org/springframework/transaction/interceptor/TransactionAttributeSource]
14:58:41.168 [Test worker] DEBUG org.springframework.boot.test.context.SpringBootTestContextBootstrapper - Skipping candidate TestExecutionListener [org.springframework.test.context.jdbc.SqlScriptsTestExecutionListener] due to a missing dependency. Specify custom listener classes or make the default listener classes and their required dependencies available. Offending class: [org/springframework/transaction/interceptor/TransactionAttribute]
14:58:41.169 [Test worker] INFO org.springframework.boot.test.context.SpringBootTestContextBootstrapper - Using TestExecutionListeners: [org.springframework.test.context.web.ServletTestExecutionListener@6e146d13, org.springframework.test.context.support.DirtiesContextBeforeModesTestExecutionListener@1e2caa6e, org.springframework.boot.test.mock.mockito.MockitoTestExecutionListener@28ee0bf6, org.springframework.boot.test.autoconfigure.SpringBootDependencyInjectionTestExecutionListener@6b03d8f, org.springframework.test.context.support.DirtiesContextTestExecutionListener@4b01b4bf, org.springframework.test.context.event.EventPublishingTestExecutionListener@3085086b, org.springframework.boot.test.autoconfigure.restdocs.RestDocsTestExecutionListener@68ec0436, org.springframework.boot.test.autoconfigure.web.client.MockRestServiceServerResetTestExecutionListener@6f3700e1, org.springframework.boot.test.autoconfigure.web.servlet.MockMvcPrintOnlyOnFailureTestExecutionListener@2955e5f4, org.springframework.boot.test.autoconfigure.web.servlet.WebDriverTestExecutionListener@318b66e5, org.springframework.boot.test.mock.mockito.ResetMocksTestExecutionListener@39ce0956]
14:58:41.172 [Test worker] DEBUG org.springframework.test.context.support.AbstractDirtiesContextTestExecutionListener - Before test class: context [DefaultTestContext@4c99211e testClass = FloristApplicationTests, testInstance = [null], testMethod = [null], testException = [null], mergedContextConfiguration = [WebMergedContextConfiguration@6a52aa2c testClass = FloristApplicationTests, locations = '{}', classes = '{class com.Aster.FloristApplication}', contextInitializerClasses = '[]', activeProfiles = '{}', propertySourceLocations = '{}', propertySourceProperties = '{org.springframework.boot.test.context.SpringBootTestContextBootstrapper=true}', contextCustomizers = set[org.springframework.boot.test.autoconfigure.properties.PropertyMappingContextCustomizer@0, org.springframework.boot.test.autoconfigure.web.servlet.WebDriverContextCustomizerFactory$Customizer@1244df0e, org.springframework.boot.test.context.filter.ExcludeFilterContextCustomizer@1085b372, org.springframework.boot.test.json.DuplicateJsonObjectContextCustomizerFactory$DuplicateJsonObjectContextCustomizer@36205bc6, org.springframework.boot.test.mock.mockito.MockitoContextCustomizer@0, org.springframework.boot.test.web.client.TestRestTemplateContextCustomizer@10ca2675], resourceBasePath = 'src/main/webapp', contextLoader = 'org.springframework.boot.test.context.SpringBootContextLoader', parent = [null]], attributes = map['org.springframework.test.context.web.ServletTestExecutionListener.activateListener' -> true]], class annotated with @DirtiesContext [false] with mode [null].
14:58:41.197 [Test worker] DEBUG org.springframework.test.context.support.TestPropertySourceUtils - Adding inlined properties to environment: {spring.jmx.enabled=false, org.springframework.boot.test.context.SpringBootTestContextBootstrapper=true, server.port=-1}

  .   ____          _            __ _ _
 /\\ / ___'_ __ _ _(_)_ __  __ _ \ \ \ \
( ( )\___ | '_ | '_| | '_ \/ _` | \ \ \ \
 \\/  ___)| |_)| | | | | || (_| |  ) ) ) )
  '  |____| .__|_| |_|_| |_\__, | / / / /
 =========|_|==============|___/=/_/_/_/
 :: Spring Boot ::        (v2.2.4.RELEASE)

2020-02-29 14:58:41.568  INFO 61699 --- [    Test worker] com.Aster.FloristApplicationTests        : Starting FloristApplicationTests on LeOOn.local with PID 61699 (started by leon in /Users/leon/Aster)
2020-02-29 14:58:41.570  INFO 61699 --- [    Test worker] com.Aster.FloristApplicationTests        : No active profile set, falling back to default profiles: default
2020-02-29 14:58:42.694  INFO 61699 --- [    Test worker] o.s.s.concurrent.ThreadPoolTaskExecutor  : Initializing ExecutorService 'applicationTaskExecutor'
2020-02-29 14:58:42.911  INFO 61699 --- [    Test worker] com.Aster.FloristApplicationTests        : Started FloristApplicationTests in 1.7 seconds (JVM running for 3.163)
]]></system-out>
  <system-err><![CDATA[]]></system-err>
</testsuite>
