<?xml version="1.0" encoding="UTF-8"?>
<testsuite name="com.Aster.FloristApplicationTests" tests="1" skipped="0" failures="0" errors="0" timestamp="2020-02-22T21:31:11" hostname="LeOOn.local" time="0.53">
  <properties/>
  <testcase name="contextLoads()" classname="com.Aster.FloristApplicationTests" time="0.53"/>
  <system-out><![CDATA[16:31:09.053 [Test worker] DEBUG org.springframework.test.context.BootstrapUtils - Instantiating CacheAwareContextLoaderDelegate from class [org.springframework.test.context.cache.DefaultCacheAwareContextLoaderDelegate]
16:31:09.066 [Test worker] DEBUG org.springframework.test.context.BootstrapUtils - Instantiating BootstrapContext using constructor [public org.springframework.test.context.support.DefaultBootstrapContext(java.lang.Class,org.springframework.test.context.CacheAwareContextLoaderDelegate)]
16:31:09.102 [Test worker] DEBUG org.springframework.test.context.BootstrapUtils - Instantiating TestContextBootstrapper for test class [com.Aster.FloristApplicationTests] from class [org.springframework.boot.test.context.SpringBootTestContextBootstrapper]
16:31:09.119 [Test worker] INFO org.springframework.boot.test.context.SpringBootTestContextBootstrapper - Neither @ContextConfiguration nor @ContextHierarchy found for test class [com.Aster.FloristApplicationTests], using SpringBootContextLoader
16:31:09.123 [Test worker] DEBUG org.springframework.test.context.support.AbstractContextLoader - Did not detect default resource location for test class [com.Aster.FloristApplicationTests]: class path resource [com/Aster/FloristApplicationTests-context.xml] does not exist
16:31:09.124 [Test worker] DEBUG org.springframework.test.context.support.AbstractContextLoader - Did not detect default resource location for test class [com.Aster.FloristApplicationTests]: class path resource [com/Aster/FloristApplicationTestsContext.groovy] does not exist
16:31:09.124 [Test worker] INFO org.springframework.test.context.support.AbstractContextLoader - Could not detect default resource locations for test class [com.Aster.FloristApplicationTests]: no resource found for suffixes {-context.xml, Context.groovy}.
16:31:09.125 [Test worker] INFO org.springframework.test.context.support.AnnotationConfigContextLoaderUtils - Could not detect default configuration classes for test class [com.Aster.FloristApplicationTests]: FloristApplicationTests does not declare any static, non-private, non-final, nested classes annotated with @Configuration.
16:31:09.170 [Test worker] DEBUG org.springframework.test.context.support.ActiveProfilesUtils - Could not find an 'annotation declaring class' for annotation type [org.springframework.test.context.ActiveProfiles] and class [com.Aster.FloristApplicationTests]
16:31:09.248 [Test worker] DEBUG org.springframework.context.annotation.ClassPathScanningCandidateComponentProvider - Identified candidate component class: file [/Users/leon/Aster/build/classes/java/main/com/Aster/FloristApplication.class]
16:31:09.249 [Test worker] INFO org.springframework.boot.test.context.SpringBootTestContextBootstrapper - Found @SpringBootConfiguration com.Aster.FloristApplication for test class com.Aster.FloristApplicationTests
16:31:09.351 [Test worker] DEBUG org.springframework.boot.test.context.SpringBootTestContextBootstrapper - @TestExecutionListeners is not present for class [com.Aster.FloristApplicationTests]: using defaults.
16:31:09.352 [Test worker] INFO org.springframework.boot.test.context.SpringBootTestContextBootstrapper - Loaded default TestExecutionListener class names from location [META-INF/spring.factories]: [org.springframework.boot.test.autoconfigure.restdocs.RestDocsTestExecutionListener, org.springframework.boot.test.autoconfigure.web.client.MockRestServiceServerResetTestExecutionListener, org.springframework.boot.test.autoconfigure.web.servlet.MockMvcPrintOnlyOnFailureTestExecutionListener, org.springframework.boot.test.autoconfigure.web.servlet.WebDriverTestExecutionListener, org.springframework.boot.test.mock.mockito.MockitoTestExecutionListener, org.springframework.boot.test.mock.mockito.ResetMocksTestExecutionListener, org.springframework.test.context.web.ServletTestExecutionListener, org.springframework.test.context.support.DirtiesContextBeforeModesTestExecutionListener, org.springframework.test.context.support.DependencyInjectionTestExecutionListener, org.springframework.test.context.support.DirtiesContextTestExecutionListener, org.springframework.test.context.transaction.TransactionalTestExecutionListener, org.springframework.test.context.jdbc.SqlScriptsTestExecutionListener, org.springframework.test.context.event.EventPublishingTestExecutionListener]
16:31:09.364 [Test worker] DEBUG org.springframework.boot.test.context.SpringBootTestContextBootstrapper - Skipping candidate TestExecutionListener [org.springframework.test.context.transaction.TransactionalTestExecutionListener] due to a missing dependency. Specify custom listener classes or make the default listener classes and their required dependencies available. Offending class: [org/springframework/transaction/interceptor/TransactionAttributeSource]
16:31:09.365 [Test worker] DEBUG org.springframework.boot.test.context.SpringBootTestContextBootstrapper - Skipping candidate TestExecutionListener [org.springframework.test.context.jdbc.SqlScriptsTestExecutionListener] due to a missing dependency. Specify custom listener classes or make the default listener classes and their required dependencies available. Offending class: [org/springframework/transaction/interceptor/TransactionAttribute]
16:31:09.365 [Test worker] INFO org.springframework.boot.test.context.SpringBootTestContextBootstrapper - Using TestExecutionListeners: [org.springframework.test.context.web.ServletTestExecutionListener@ca415f3, org.springframework.test.context.support.DirtiesContextBeforeModesTestExecutionListener@7c228ce9, org.springframework.boot.test.mock.mockito.MockitoTestExecutionListener@14e154e8, org.springframework.boot.test.autoconfigure.SpringBootDependencyInjectionTestExecutionListener@487aa9, org.springframework.test.context.support.DirtiesContextTestExecutionListener@2c6ffcde, org.springframework.test.context.event.EventPublishingTestExecutionListener@44c2787e, org.springframework.boot.test.autoconfigure.restdocs.RestDocsTestExecutionListener@5a1a321a, org.springframework.boot.test.autoconfigure.web.client.MockRestServiceServerResetTestExecutionListener@19c496c2, org.springframework.boot.test.autoconfigure.web.servlet.MockMvcPrintOnlyOnFailureTestExecutionListener@4a1e1028, org.springframework.boot.test.autoconfigure.web.servlet.WebDriverTestExecutionListener@1dc8909d, org.springframework.boot.test.mock.mockito.ResetMocksTestExecutionListener@16c9ebdc]
16:31:09.368 [Test worker] DEBUG org.springframework.test.context.support.AbstractDirtiesContextTestExecutionListener - Before test class: context [DefaultTestContext@49176ca4 testClass = FloristApplicationTests, testInstance = [null], testMethod = [null], testException = [null], mergedContextConfiguration = [WebMergedContextConfiguration@101fc03a testClass = FloristApplicationTests, locations = '{}', classes = '{class com.Aster.FloristApplication}', contextInitializerClasses = '[]', activeProfiles = '{}', propertySourceLocations = '{}', propertySourceProperties = '{org.springframework.boot.test.context.SpringBootTestContextBootstrapper=true}', contextCustomizers = set[org.springframework.boot.test.autoconfigure.properties.PropertyMappingContextCustomizer@0, org.springframework.boot.test.autoconfigure.web.servlet.WebDriverContextCustomizerFactory$Customizer@7152b223, org.springframework.boot.test.context.filter.ExcludeFilterContextCustomizer@2cf1834c, org.springframework.boot.test.json.DuplicateJsonObjectContextCustomizerFactory$DuplicateJsonObjectContextCustomizer@e0d1004, org.springframework.boot.test.mock.mockito.MockitoContextCustomizer@0, org.springframework.boot.test.web.client.TestRestTemplateContextCustomizer@5a532ca3], resourceBasePath = 'src/main/webapp', contextLoader = 'org.springframework.boot.test.context.SpringBootContextLoader', parent = [null]], attributes = map['org.springframework.test.context.web.ServletTestExecutionListener.activateListener' -> true]], class annotated with @DirtiesContext [false] with mode [null].
16:31:09.400 [Test worker] DEBUG org.springframework.test.context.support.TestPropertySourceUtils - Adding inlined properties to environment: {spring.jmx.enabled=false, org.springframework.boot.test.context.SpringBootTestContextBootstrapper=true, server.port=-1}

  .   ____          _            __ _ _
 /\\ / ___'_ __ _ _(_)_ __  __ _ \ \ \ \
( ( )\___ | '_ | '_| | '_ \/ _` | \ \ \ \
 \\/  ___)| |_)| | | | | || (_| |  ) ) ) )
  '  |____| .__|_| |_|_| |_\__, | / / / /
 =========|_|==============|___/=/_/_/_/
 :: Spring Boot ::        (v2.2.4.RELEASE)

2020-02-22 16:31:09.789  INFO 36189 --- [    Test worker] com.Aster.FloristApplicationTests        : Starting FloristApplicationTests on LeOOn.local with PID 36189 (started by leon in /Users/leon/Aster)
2020-02-22 16:31:09.793  INFO 36189 --- [    Test worker] com.Aster.FloristApplicationTests        : No active profile set, falling back to default profiles: default
2020-02-22 16:31:11.282  INFO 36189 --- [    Test worker] o.s.s.concurrent.ThreadPoolTaskExecutor  : Initializing ExecutorService 'applicationTaskExecutor'
2020-02-22 16:31:11.549  INFO 36189 --- [    Test worker] com.Aster.FloristApplicationTests        : Started FloristApplicationTests in 2.134 seconds (JVM running for 3.7)
]]></system-out>
  <system-err><![CDATA[]]></system-err>
</testsuite>
